<?xml version="1.0" encoding="UTF-8"?>
<!-- Generated by org.testng.reporters.JUnitXMLReporter -->
<testsuite ignored="0" hostname="DESKTOP-OP86SSF" failures="0" tests="3" name="Surefire test" time="24.62" errors="0" timestamp="2024-07-08T17:00:15 IST">
  <testcase classname="testcases.LoginPageTest" name="loginToApplicationTest" time="0.552"/>
  <testcase classname="testcases.LoginPageTest" name="verifyURlofApplication" time="0.009"/>
  <testcase classname="testcases.LoginPageTest" name="verifytitleofApplicationTest" time="0.006"/>
</testsuite> <!-- Surefire test -->
