<?xml version="1.0" encoding="UTF-8"?>
<testng-results ignored="0" total="3" passed="3" failed="0" skipped="0">
  <reporter-output>
  </reporter-output>
  <suite started-at="2024-07-08T16:59:50 IST" name="Surefire suite" finished-at="2024-07-08T17:00:15 IST" duration-ms="24620">
    <groups>
    </groups>
    <test started-at="2024-07-08T16:59:50 IST" name="Surefire test" finished-at="2024-07-08T17:00:15 IST" duration-ms="24620">
      <class name="testcases.LoginPageTest">
        <test-method is-config="true" signature="setup()[pri:0, instance:testcases.LoginPageTest@1da2cb77]" started-at="2024-07-08T16:59:50 IST" name="setup" finished-at="2024-07-08T17:00:01 IST" duration-ms="11014" status="PASS">
          <reporter-output>
          </reporter-output>
        </test-method> <!-- setup -->
        <test-method signature="loginToApplicationTest()[pri:0, instance:testcases.LoginPageTest@1da2cb77]" started-at="2024-07-08T17:00:01 IST" name="loginToApplicationTest" finished-at="2024-07-08T17:00:02 IST" duration-ms="552" status="PASS">
          <reporter-output>
          </reporter-output>
        </test-method> <!-- loginToApplicationTest -->
        <test-method is-config="true" signature="closeBrowser()[pri:0, instance:testcases.LoginPageTest@1da2cb77]" started-at="2024-07-08T17:00:02 IST" name="closeBrowser" finished-at="2024-07-08T17:00:02 IST" duration-ms="403" status="PASS">
          <reporter-output>
          </reporter-output>
        </test-method> <!-- closeBrowser -->
        <test-method is-config="true" signature="setup()[pri:0, instance:testcases.LoginPageTest@1da2cb77]" started-at="2024-07-08T17:00:02 IST" name="setup" finished-at="2024-07-08T17:00:08 IST" duration-ms="6447" status="PASS">
          <reporter-output>
          </reporter-output>
        </test-method> <!-- setup -->
        <test-method signature="verifyURlofApplication()[pri:0, instance:testcases.LoginPageTest@1da2cb77]" started-at="2024-07-08T17:00:08 IST" name="verifyURlofApplication" finished-at="2024-07-08T17:00:08 IST" duration-ms="9" status="PASS">
          <reporter-output>
          </reporter-output>
        </test-method> <!-- verifyURlofApplication -->
        <test-method is-config="true" signature="closeBrowser()[pri:0, instance:testcases.LoginPageTest@1da2cb77]" started-at="2024-07-08T17:00:08 IST" name="closeBrowser" finished-at="2024-07-08T17:00:09 IST" duration-ms="94" status="PASS">
          <reporter-output>
          </reporter-output>
        </test-method> <!-- closeBrowser -->
        <test-method is-config="true" signature="setup()[pri:0, instance:testcases.LoginPageTest@1da2cb77]" started-at="2024-07-08T17:00:09 IST" name="setup" finished-at="2024-07-08T17:00:14 IST" duration-ms="5907" status="PASS">
          <reporter-output>
          </reporter-output>
        </test-method> <!-- setup -->
        <test-method signature="verifytitleofApplicationTest()[pri:0, instance:testcases.LoginPageTest@1da2cb77]" started-at="2024-07-08T17:00:14 IST" name="verifytitleofApplicationTest" finished-at="2024-07-08T17:00:14 IST" duration-ms="6" status="PASS">
          <reporter-output>
          </reporter-output>
        </test-method> <!-- verifytitleofApplicationTest -->
        <test-method is-config="true" signature="closeBrowser()[pri:0, instance:testcases.LoginPageTest@1da2cb77]" started-at="2024-07-08T17:00:14 IST" name="closeBrowser" finished-at="2024-07-08T17:00:15 IST" duration-ms="95" status="PASS">
          <reporter-output>
          </reporter-output>
        </test-method> <!-- closeBrowser -->
      </class> <!-- testcases.LoginPageTest -->
    </test> <!-- Surefire test -->
  </suite> <!-- Surefire suite -->
</testng-results>
